<?xml version="1.0" encoding="UTF-8"?>
<!-- Generated by org.testng.reporters.JUnitXMLReporter -->
<testsuite ignored="0" hostname="DESKTOP-I8UDH2D" failures="0" tests="6" name="Default test" time="6.323" errors="0" timestamp="2020-05-29T00:45:22 IST">
  <testcase classname="JIRAComplete.PostCreateSession" name="ACreateSession" time="4.378"/>
  <testcase classname="JIRAComplete.PostCreateSession" name="BCreateIssue" time="0.735"/>
  <testcase classname="JIRAComplete.PostCreateSession" name="CAddComment" time="0.316"/>
  <testcase classname="JIRAComplete.PostCreateSession" name="dPutUpdateComment" time="0.25"/>
  <testcase classname="JIRAComplete.PostCreateSession" name="ePostAddAttachment" time="0.328"/>
  <testcase classname="JIRAComplete.PostCreateSession" name="fGetFetchIssue" time="0.141"/>
</testsuite> <!-- Default test -->
