<?xml version="1.0" encoding="UTF-8"?>
<testng-results ignored="0" total="6" passed="6" failed="0" skipped="0">
  <reporter-output>
  </reporter-output>
  <suite started-at="2020-05-29T00:45:16 IST" name="Default suite" finished-at="2020-05-29T00:45:22 IST" duration-ms="6323">
    <groups>
    </groups>
    <test started-at="2020-05-29T00:45:16 IST" name="Default test" finished-at="2020-05-29T00:45:22 IST" duration-ms="6323">
      <class name="JIRAComplete.PostCreateSession">
        <test-method signature="ACreateSession()[pri:0, instance:JIRAComplete.PostCreateSession@2cbb3d47]" started-at="2020-05-29T00:45:16 IST" name="ACreateSession" finished-at="2020-05-29T00:45:20 IST" duration-ms="4378" status="PASS">
          <reporter-output>
          </reporter-output>
        </test-method> <!-- ACreateSession -->
        <test-method signature="BCreateIssue()[pri:0, instance:JIRAComplete.PostCreateSession@2cbb3d47]" started-at="2020-05-29T00:45:20 IST" name="BCreateIssue" finished-at="2020-05-29T00:45:21 IST" duration-ms="735" status="PASS">
          <reporter-output>
          </reporter-output>
        </test-method> <!-- BCreateIssue -->
        <test-method signature="CAddComment()[pri:0, instance:JIRAComplete.PostCreateSession@2cbb3d47]" started-at="2020-05-29T00:45:21 IST" name="CAddComment" finished-at="2020-05-29T00:45:21 IST" duration-ms="316" status="PASS">
          <reporter-output>
          </reporter-output>
        </test-method> <!-- CAddComment -->
        <test-method signature="dPutUpdateComment()[pri:0, instance:JIRAComplete.PostCreateSession@2cbb3d47]" started-at="2020-05-29T00:45:21 IST" name="dPutUpdateComment" finished-at="2020-05-29T00:45:21 IST" duration-ms="250" status="PASS">
          <reporter-output>
          </reporter-output>
        </test-method> <!-- dPutUpdateComment -->
        <test-method signature="ePostAddAttachment()[pri:0, instance:JIRAComplete.PostCreateSession@2cbb3d47]" started-at="2020-05-29T00:45:21 IST" name="ePostAddAttachment" finished-at="2020-05-29T00:45:22 IST" duration-ms="328" status="PASS">
          <reporter-output>
          </reporter-output>
        </test-method> <!-- ePostAddAttachment -->
        <test-method signature="fGetFetchIssue()[pri:0, instance:JIRAComplete.PostCreateSession@2cbb3d47]" started-at="2020-05-29T00:45:22 IST" name="fGetFetchIssue" finished-at="2020-05-29T00:45:22 IST" duration-ms="141" status="PASS">
          <reporter-output>
          </reporter-output>
        </test-method> <!-- fGetFetchIssue -->
      </class> <!-- JIRAComplete.PostCreateSession -->
    </test> <!-- Default test -->
  </suite> <!-- Default suite -->
</testng-results>
